2024-10-01 08:47:41,858 [INFO] WebApp:189 - Connection lost
2024-10-01 08:49:35,244 [INFO] WebApp:186 - Connection restablished
2024-10-01 08:49:36,912 [INFO] WebApp:189 - Connection lost
2024-10-01 08:49:37,018 [INFO] WebApp:186 - Connection restablished
2024-10-01 13:19:27,773 [INFO] WebApp:189 - Connection lost
2024-10-01 13:19:28,165 [INFO] WebApp:186 - Connection restablished
2024-10-01 15:02:41,130 [INFO] WebApp:189 - Connection lost
2024-10-01 15:02:41,335 [INFO] WebApp:186 - Connection restablished
2024-10-01 15:49:08,328 [INFO] MainUpdater:2873 - connection check result : 10
2024-10-01 15:49:08,464 [INFO] McuFinderGlobals:76 - Set McuFinderConnectedMode to true
2024-10-01 15:49:08,469 [INFO] MultiScanPanel:200 - Auto-refresh data requested => check proxy status ongoing
2024-10-01 15:49:08,471 [INFO] FinderPluginLoader:95 - Searching for filters in installed packs
2024-10-01 15:49:10,379 [INFO] LoadUrlFilesThread:185 - End of LoadServerUrlFiles without Thread
2024-10-01 15:49:10,379 [INFO] DetailPanel:341 - Set advertising image to C:/Users/shazz/STM32Cube/Repository/\en.prom-stm32c071-usb-memories-mcu-finder.png
2024-10-01 15:49:15,211 [INFO] MultiScanPanel:200 - Auto-refresh data requested => check proxy status ongoing
2024-10-01 15:49:15,244 [INFO] LoadUrlFilesThread:185 - End of LoadServerUrlFiles without Thread
2024-10-01 15:49:15,244 [INFO] DetailPanel:341 - Set advertising image to C:/Users/shazz/STM32Cube/Repository/\en.prom-stm32c071-usb-memories-mcu-finder.png
2024-10-01 15:50:38,316 [INFO] McuFinderGlobals:76 - Set McuFinderConnectedMode to true
2024-10-01 15:50:38,318 [INFO] ApiDb:448 - Save user favorites file C:\Users\shazz/.stm32cubeide/favorites.mcus.txt: 0 item(s)
2024-10-01 15:50:38,319 [INFO] ApiDb:452 - User favorites MCUs=[]
2024-10-01 15:50:38,320 [INFO] ApiDb:448 - Save user favorites file C:\Users\shazz/.stm32cubeide/favorites.boards.txt: 1 item(s)
2024-10-01 15:50:38,320 [INFO] ApiDb:452 - User favorites Boards=[STM32F3DISCOVERY]
2024-10-01 16:11:53,207 [INFO] WebApp:189 - Connection lost
2024-10-01 16:11:53,360 [INFO] WebApp:186 - Connection restablished
