2024-09-20 23:53:28,527 [INFO] Activator:176 - 


2024-09-20 23:53:28,532 [INFO] Activator:177 - !SESSION log4j initialized
2024-09-20 23:53:34,092 [INFO] LogOutputStream:77 - [STDOUT_REDIRECT] 
2024-09-20 23:53:35,078 [INFO] ApplicationProperties:184 - Using Application install path: C:\ST\STM32CubeIDE_1.10.1\STM32CubeIDE\plugins\com.st.stm32cube.common.mx_6.12.1.202409122256
2024-09-20 23:53:35,095 [INFO] DbMcusXml:78 - Set database path to: C:\ST\STM32CubeIDE_1.10.1\STM32CubeIDE\plugins\com.st.stm32cube.common.mx_6.12.1.202409122256\\db\/mcu/
2024-09-20 23:53:35,095 [INFO] ApiDb:274 - Set plugin database path to: C:\ST\STM32CubeIDE_1.10.1\STM32CubeIDE\plugins\com.st.stm32cube.common.mx_6.12.1.202409122256\\db\/plugins/boardmanager/
2024-09-20 23:53:35,095 [WARN] ApiDb:259 - Overriding images path with different value:  => C:\ST\STM32CubeIDE_1.10.1\STM32CubeIDE\plugins\com.st.stm32cube.common.mx_6.12.1.202409122256\\db\/plugins/mcufinder/images/
2024-09-20 23:53:35,101 [INFO] ApiDb:250 - Set database path to: C:\Users\shazz\.stmcufinder\plugins\mcufinder//mcu/
2024-09-20 23:53:35,102 [INFO] DbMcusAds:125 - Set database path to: C:\Users\shazz\.stmcufinder\plugins\mcufinder//mcu/
2024-09-20 23:53:35,104 [INFO] CrossReferenceDbSqlite:203 - Set database path to: C:\Users\shazz\.stmcufinder\plugins\mcufinder//mcu/cs/
2024-09-20 23:53:35,200 [INFO] RulesReader:64 - Compatibility file has been processed (297 Rules)
2024-09-20 23:53:35,263 [INFO] DbMcusXml:78 - Set database path to: C:\ST\STM32CubeIDE_1.10.1\STM32CubeIDE\plugins\com.st.stm32cube.common.mx_6.12.1.202409122256\\db\/mcu/
2024-09-20 23:53:35,263 [INFO] ApiDb:274 - Set plugin database path to: C:\ST\STM32CubeIDE_1.10.1\STM32CubeIDE\plugins\com.st.stm32cube.common.mx_6.12.1.202409122256\\db\/plugins/boardmanager/
2024-09-20 23:53:35,263 [INFO] ApiDb:261 - Set plugin images path to: C:\ST\STM32CubeIDE_1.10.1\STM32CubeIDE\plugins\com.st.stm32cube.common.mx_6.12.1.202409122256\\db\/plugins/mcufinder/images/
2024-09-20 23:53:35,263 [WARN] DbFile:41 - Overriding database path with different value: C:\Users\shazz\.stmcufinder\plugins\mcufinder/ => C:\Users\shazz\.stmcufinder\plugins\mcufinder
2024-09-20 23:53:35,265 [INFO] ApiDb:250 - Set database path to: C:\Users\shazz\.stmcufinder\plugins\mcufinder//mcu/
2024-09-20 23:53:35,265 [WARN] DbFile:41 - Overriding database path with different value: C:\Users\shazz\.stmcufinder\plugins\mcufinder/ => C:\Users\shazz\.stmcufinder\plugins\mcufinder
2024-09-20 23:53:35,265 [INFO] DbMcusAds:125 - Set database path to: C:\Users\shazz\.stmcufinder\plugins\mcufinder//mcu/
2024-09-20 23:53:35,265 [WARN] DbFile:41 - Overriding database path with different value: C:\Users\shazz\.stmcufinder\plugins\mcufinder/ => C:\Users\shazz\.stmcufinder\plugins\mcufinder
2024-09-20 23:53:35,265 [WARN] DbFile:41 - Overriding database path with different value: C:\Users\shazz\.stmcufinder\plugins\mcufinder/ => C:\Users\shazz\.stmcufinder\plugins\mcufinder
2024-09-20 23:53:35,265 [INFO] CrossReferenceDbSqlite:203 - Set database path to: C:\Users\shazz\.stmcufinder\plugins\mcufinder//mcu/cs/
2024-09-20 23:53:35,330 [INFO] MainPanel:268 - HeapMemory: 268435456
2024-09-20 23:53:35,392 [INFO] DbMcusXml:78 - Set database path to: C:\ST\STM32CubeIDE_1.10.1\STM32CubeIDE\plugins\com.st.stm32cube.common.mx_6.12.1.202409122256\\db\/mcu/
2024-09-20 23:53:35,392 [INFO] ApiDb:274 - Set plugin database path to: C:\ST\STM32CubeIDE_1.10.1\STM32CubeIDE\plugins\com.st.stm32cube.common.mx_6.12.1.202409122256\\db\/plugins/boardmanager/
2024-09-20 23:53:35,392 [INFO] ApiDb:261 - Set plugin images path to: C:\ST\STM32CubeIDE_1.10.1\STM32CubeIDE\plugins\com.st.stm32cube.common.mx_6.12.1.202409122256\\db\/plugins/mcufinder/images/
2024-09-20 23:53:35,393 [WARN] DbFile:41 - Overriding database path with different value: C:\Users\shazz\.stmcufinder\plugins\mcufinder/ => C:\Users\shazz\.stmcufinder\plugins\mcufinder
2024-09-20 23:53:35,393 [INFO] ApiDb:250 - Set database path to: C:\Users\shazz\.stmcufinder\plugins\mcufinder//mcu/
2024-09-20 23:53:35,393 [WARN] DbFile:41 - Overriding database path with different value: C:\Users\shazz\.stmcufinder\plugins\mcufinder/ => C:\Users\shazz\.stmcufinder\plugins\mcufinder
2024-09-20 23:53:35,393 [INFO] DbMcusAds:125 - Set database path to: C:\Users\shazz\.stmcufinder\plugins\mcufinder//mcu/
2024-09-20 23:53:35,393 [WARN] DbFile:41 - Overriding database path with different value: C:\Users\shazz\.stmcufinder\plugins\mcufinder/ => C:\Users\shazz\.stmcufinder\plugins\mcufinder
2024-09-20 23:53:35,393 [WARN] DbFile:41 - Overriding database path with different value: C:\Users\shazz\.stmcufinder\plugins\mcufinder/ => C:\Users\shazz\.stmcufinder\plugins\mcufinder
2024-09-20 23:53:35,393 [INFO] CrossReferenceDbSqlite:203 - Set database path to: C:\Users\shazz\.stmcufinder\plugins\mcufinder//mcu/cs/
2024-09-20 23:53:35,406 [INFO] ApplicationProperties:184 - Using Application install path: C:\ST\STM32CubeIDE_1.10.1\STM32CubeIDE\plugins\com.st.stm32cube.common.mx_6.12.1.202409122256
2024-09-20 23:53:35,407 [INFO] PluginManage:196 - Search for loadable plugins [exclusion list=, ]
2024-09-20 23:53:35,408 [INFO] PluginManage:310 - Check plugin analytics
2024-09-20 23:53:35,590 [INFO] AnalyticsPlugin:253 - Accepted Software Licenses: 
2024-09-20 23:53:35,590 [INFO] AnalyticsPlugin:255 - Accepted CMSIS Pack Licenses: 
2024-09-20 23:53:35,590 [INFO] AnalyticsPlugin:257 - Accepted Firmware Licenses: 
2024-09-20 23:53:35,592 [INFO] PluginManage:359 - Loaded plugin analytics (category:tool,tabindex:-1)
2024-09-20 23:53:35,592 [INFO] PluginManage:310 - Check plugin cadmodel
2024-09-20 23:53:35,597 [INFO] CADModel:105 - Init CAD model plugin
2024-09-20 23:53:35,598 [INFO] PluginManage:359 - Loaded plugin cadmodel (category:power,tabindex:5)
2024-09-20 23:53:35,598 [INFO] PluginManage:310 - Check plugin clock
2024-09-20 23:53:35,607 [INFO] PluginManage:359 - Loaded plugin clock (category:base,tabindex:2)
2024-09-20 23:53:35,607 [INFO] PluginManage:310 - Check plugin ddr
2024-09-20 23:53:35,609 [INFO] PluginManage:359 - Loaded plugin ddr (category:tool,tabindex:6)
2024-09-20 23:53:35,610 [INFO] PluginManage:310 - Check plugin filemanager
2024-09-20 23:53:35,742 [INFO] PluginManage:359 - Loaded plugin filemanager (category:base,tabindex:10)
2024-09-20 23:53:35,742 [INFO] PluginManage:310 - Check plugin ipmanager
2024-09-20 23:53:35,748 [INFO] PluginManage:359 - Loaded plugin ipmanager (category:base,tabindex:5)
2024-09-20 23:53:35,748 [INFO] PluginManage:310 - Check plugin lpbam
2024-09-20 23:53:35,754 [INFO] PluginManage:359 - Loaded plugin lpbam (category:base,tabindex:0)
2024-09-20 23:53:35,754 [INFO] PluginManage:310 - Check plugin memorymap
2024-09-20 23:53:35,766 [INFO] PluginManage:359 - Loaded plugin memorymap (category:base,tabindex:4)
2024-09-20 23:53:35,766 [INFO] PluginManage:310 - Check plugin pinoutandconfiguration
2024-09-20 23:53:35,771 [INFO] PluginManage:359 - Loaded plugin pinoutandconfiguration (category:base,tabindex:1)
2024-09-20 23:53:35,771 [INFO] PluginManage:310 - Check plugin pinoutconfig
2024-09-20 23:53:35,840 [WARN] SupportedApi:132 - Cannot load RTOS API schema: s4s-elt-must-match.1: The content of 'definitions' must match (annotation?, (simpleType | complexType)?, (unique | key | keyref)*)). A problem was found starting at: attribute.
2024-09-20 23:53:35,948 [INFO] PluginManage:359 - Loaded plugin pinoutconfig (category:base,tabindex:0)
2024-09-20 23:53:35,948 [INFO] PluginManage:310 - Check plugin power
2024-09-20 23:53:35,956 [INFO] PluginManage:359 - Loaded plugin power (category:power,tabindex:4)
2024-09-20 23:53:35,956 [INFO] PluginManage:310 - Check plugin projectmanager
2024-09-20 23:53:35,968 [INFO] PluginManage:359 - Loaded plugin projectmanager (category:projectmanager,tabindex:4)
2024-09-20 23:53:35,968 [INFO] PluginManage:310 - Check plugin rif
2024-09-20 23:53:35,972 [INFO] PluginManage:359 - Loaded plugin rif (category:base,tabindex:3)
2024-09-20 23:53:35,972 [INFO] PluginManage:310 - Check plugin thirdparty
2024-09-20 23:53:36,066 [INFO] PluginManage:359 - Loaded plugin thirdparty (category:base,tabindex:-1)
2024-09-20 23:53:36,066 [WARN] IntegrityCheckThread:84 - waiting for thirdparty lock release [integrity check]
2024-09-20 23:53:36,066 [INFO] PluginManage:310 - Check plugin tools
2024-09-20 23:53:36,066 [INFO] IntegrityCheckThread:86 - entering critical section [integrity check]
2024-09-20 23:53:36,066 [INFO] ThirdPartyUpdaterWithRetryManager:70 - Updater plugin not ready yet. [1/15]
2024-09-20 23:53:36,068 [INFO] PluginManage:359 - Loaded plugin tools (category:base,tabindex:7)
2024-09-20 23:53:36,068 [INFO] PluginManage:310 - Check plugin tutovideos
2024-09-20 23:53:36,206 [INFO] PluginManage:359 - Loaded plugin tutovideos (category:base,tabindex:-1)
2024-09-20 23:53:36,206 [INFO] PluginManage:310 - Check plugin updater
2024-09-20 23:53:36,219 [INFO] PluginManage:359 - Loaded plugin updater (category:base,tabindex:12)
2024-09-20 23:53:36,220 [INFO] PluginManage:310 - Check plugin userauth
2024-09-20 23:53:36,224 [INFO] UserAuth:113 - Init User Auth plugin
2024-09-20 23:53:36,224 [INFO] PluginManage:359 - Loaded plugin userauth (category:base,tabindex:14)
2024-09-20 23:53:36,225 [INFO] PluginManage:283 - PluginManage : Loaded plugins [18]
2024-09-20 23:53:36,387 [INFO] PinOutPanel:1561 - setPackage(No Configuration,No Configuration)
2024-09-20 23:53:36,482 [INFO] CADModel:165 - CPN selected for project level
2024-09-20 23:53:36,482 [INFO] CADModel:114 - Register for checkConnection events
2024-09-20 23:53:36,499 [INFO] IPUIPlugin:80 - create IPUIPlugin
2024-09-20 23:53:36,499 [INFO] PluginManager:220 - loadIPPluginJar : add adc
2024-09-20 23:53:36,503 [INFO] IPUIPlugin:80 - create IPUIPlugin
2024-09-20 23:53:36,503 [INFO] PluginManager:220 - loadIPPluginJar : add aes
2024-09-20 23:53:36,505 [INFO] IPUIPlugin:80 - create IPUIPlugin
2024-09-20 23:53:36,505 [INFO] PluginManager:220 - loadIPPluginJar : add can
2024-09-20 23:53:36,508 [INFO] IPUIPlugin:80 - create IPUIPlugin
2024-09-20 23:53:36,509 [INFO] PluginManager:220 - loadIPPluginJar : add comp
2024-09-20 23:53:36,510 [INFO] IPUIPlugin:80 - create IPUIPlugin
2024-09-20 23:53:36,510 [INFO] PluginManager:220 - loadIPPluginJar : add cryp
2024-09-20 23:53:36,513 [INFO] IPUIPlugin:80 - create IPUIPlugin
2024-09-20 23:53:36,513 [INFO] PluginManager:220 - loadIPPluginJar : add ddr_ctrl_phy
2024-09-20 23:53:36,515 [INFO] IPUIPlugin:80 - create IPUIPlugin
2024-09-20 23:53:36,515 [INFO] PluginManager:220 - loadIPPluginJar : add dfsdm
2024-09-20 23:53:36,522 [INFO] IPUIPlugin:80 - create IPUIPlugin
2024-09-20 23:53:36,522 [INFO] PluginManager:220 - loadIPPluginJar : add dma
2024-09-20 23:53:36,524 [INFO] IPUIPlugin:80 - create IPUIPlugin
2024-09-20 23:53:36,524 [INFO] PluginManager:220 - loadIPPluginJar : add dma3
2024-09-20 23:53:36,528 [INFO] IPUIPlugin:80 - create IPUIPlugin
2024-09-20 23:53:36,528 [INFO] PluginManager:220 - loadIPPluginJar : add extmemmanager
2024-09-20 23:53:36,530 [INFO] IPUIPlugin:80 - create IPUIPlugin
2024-09-20 23:53:36,530 [INFO] PluginManager:220 - loadIPPluginJar : add fatfs
2024-09-20 23:53:36,534 [INFO] IPUIPlugin:80 - create IPUIPlugin
2024-09-20 23:53:36,534 [INFO] PluginManager:220 - loadIPPluginJar : add fmc
2024-09-20 23:53:36,540 [INFO] IPUIPlugin:80 - create IPUIPlugin
2024-09-20 23:53:36,540 [INFO] PluginManager:220 - loadIPPluginJar : add freertos
2024-09-20 23:53:36,541 [INFO] IPUIPlugin:80 - create IPUIPlugin
2024-09-20 23:53:36,541 [INFO] PluginManager:220 - loadIPPluginJar : add genericplugin
2024-09-20 23:53:36,543 [INFO] IPUIPlugin:80 - create IPUIPlugin
2024-09-20 23:53:36,543 [INFO] PluginManager:220 - loadIPPluginJar : add gfxmmu
2024-09-20 23:53:36,548 [INFO] IPUIPlugin:80 - create IPUIPlugin
2024-09-20 23:53:36,548 [INFO] PluginManager:220 - loadIPPluginJar : add gic
2024-09-20 23:53:36,552 [INFO] IPUIPlugin:80 - create IPUIPlugin
2024-09-20 23:53:36,553 [INFO] PluginManager:220 - loadIPPluginJar : add gpio
2024-09-20 23:53:36,555 [INFO] IPUIPlugin:80 - create IPUIPlugin
2024-09-20 23:53:36,555 [INFO] PluginManager:220 - loadIPPluginJar : add gtzc
2024-09-20 23:53:36,556 [INFO] IPUIPlugin:80 - create IPUIPlugin
2024-09-20 23:53:36,556 [INFO] PluginManager:220 - loadIPPluginJar : add hash
2024-09-20 23:53:36,558 [INFO] IPUIPlugin:80 - create IPUIPlugin
2024-09-20 23:53:36,558 [INFO] PluginManager:220 - loadIPPluginJar : add i2c
2024-09-20 23:53:36,560 [INFO] IPUIPlugin:80 - create IPUIPlugin
2024-09-20 23:53:36,560 [INFO] PluginManager:220 - loadIPPluginJar : add i2s
2024-09-20 23:53:36,561 [INFO] IPUIPlugin:80 - create IPUIPlugin
2024-09-20 23:53:36,562 [INFO] PluginManager:220 - loadIPPluginJar : add i3c
2024-09-20 23:53:36,565 [INFO] IPUIPlugin:80 - create IPUIPlugin
2024-09-20 23:53:36,565 [INFO] PluginManager:220 - loadIPPluginJar : add ipddr
2024-09-20 23:53:36,571 [INFO] IPUIPlugin:80 - create IPUIPlugin
2024-09-20 23:53:36,571 [INFO] PluginManager:220 - loadIPPluginJar : add linkedlist
2024-09-20 23:53:36,573 [INFO] IPUIPlugin:80 - create IPUIPlugin
2024-09-20 23:53:36,573 [INFO] PluginManager:220 - loadIPPluginJar : add lorawan
2024-09-20 23:53:36,574 [INFO] IPUIPlugin:80 - create IPUIPlugin
2024-09-20 23:53:36,574 [INFO] PluginManager:220 - loadIPPluginJar : add ltdc
2024-09-20 23:53:36,578 [INFO] IPUIPlugin:80 - create IPUIPlugin
2024-09-20 23:53:36,578 [INFO] PluginManager:220 - loadIPPluginJar : add mdma
2024-09-20 23:53:36,580 [INFO] IPUIPlugin:80 - create IPUIPlugin
2024-09-20 23:53:36,580 [INFO] PluginManager:220 - loadIPPluginJar : add nvic
2024-09-20 23:53:36,582 [INFO] IPUIPlugin:80 - create IPUIPlugin
2024-09-20 23:53:36,582 [INFO] PluginManager:220 - loadIPPluginJar : add opamp
2024-09-20 23:53:36,584 [INFO] IPUIPlugin:80 - create IPUIPlugin
2024-09-20 23:53:36,584 [INFO] PluginManager:220 - loadIPPluginJar : add openamp
2024-09-20 23:53:36,586 [INFO] IPUIPlugin:80 - create IPUIPlugin
2024-09-20 23:53:36,586 [INFO] PluginManager:220 - loadIPPluginJar : add pdm2pcm
2024-09-20 23:53:36,590 [INFO] IPUIPlugin:80 - create IPUIPlugin
2024-09-20 23:53:36,592 [INFO] PluginManager:220 - loadIPPluginJar : add plateformsettings
2024-09-20 23:53:36,593 [INFO] IPUIPlugin:80 - create IPUIPlugin
2024-09-20 23:53:36,593 [INFO] PluginManager:220 - loadIPPluginJar : add quadspi
2024-09-20 23:53:36,595 [INFO] IPUIPlugin:80 - create IPUIPlugin
2024-09-20 23:53:36,596 [INFO] PluginManager:220 - loadIPPluginJar : add radio
2024-09-20 23:53:36,598 [INFO] IPUIPlugin:80 - create IPUIPlugin
2024-09-20 23:53:36,598 [INFO] PluginManager:220 - loadIPPluginJar : add resmgrutility
2024-09-20 23:53:36,600 [INFO] IPUIPlugin:80 - create IPUIPlugin
2024-09-20 23:53:36,600 [INFO] PluginManager:220 - loadIPPluginJar : add sai
2024-09-20 23:53:36,601 [INFO] IPUIPlugin:80 - create IPUIPlugin
2024-09-20 23:53:36,601 [INFO] PluginManager:220 - loadIPPluginJar : add spi
2024-09-20 23:53:36,605 [INFO] IPUIPlugin:80 - create IPUIPlugin
2024-09-20 23:53:36,605 [INFO] PluginManager:220 - loadIPPluginJar : add stm32_wpan
2024-09-20 23:53:36,606 [INFO] IPUIPlugin:80 - create IPUIPlugin
2024-09-20 23:53:36,606 [INFO] PluginManager:220 - loadIPPluginJar : add tim
2024-09-20 23:53:36,608 [INFO] IPUIPlugin:80 - create IPUIPlugin
2024-09-20 23:53:36,608 [INFO] PluginManager:220 - loadIPPluginJar : add touchsensing
2024-09-20 23:53:36,609 [INFO] IPUIPlugin:80 - create IPUIPlugin
2024-09-20 23:53:36,609 [INFO] PluginManager:220 - loadIPPluginJar : add tracer_emb
2024-09-20 23:53:36,610 [INFO] IPUIPlugin:80 - create IPUIPlugin
2024-09-20 23:53:36,611 [INFO] PluginManager:220 - loadIPPluginJar : add ts
2024-09-20 23:53:36,612 [INFO] IPUIPlugin:80 - create IPUIPlugin
2024-09-20 23:53:36,612 [INFO] PluginManager:220 - loadIPPluginJar : add tsc
2024-09-20 23:53:36,613 [INFO] IPUIPlugin:80 - create IPUIPlugin
2024-09-20 23:53:36,613 [INFO] PluginManager:220 - loadIPPluginJar : add ucpd
2024-09-20 23:53:36,615 [INFO] IPUIPlugin:80 - create IPUIPlugin
2024-09-20 23:53:36,615 [INFO] PluginManager:220 - loadIPPluginJar : add usart
2024-09-20 23:53:36,617 [INFO] IPUIPlugin:80 - create IPUIPlugin
2024-09-20 23:53:36,617 [INFO] PluginManager:220 - loadIPPluginJar : add usbx
2024-09-20 23:53:36,731 [INFO] CADModel:165 - CPN selected for project level
2024-09-20 23:53:36,731 [INFO] CADModel:114 - Register for checkConnection events
2024-09-20 23:53:36,731 [FATAL] Updater:334 - Updater called before beeing initialized
2024-09-20 23:53:36,732 [ERROR] CADModel:125 - Updater not yet initialized, retry later 
2024-09-20 23:53:36,857 [INFO] CADModel:165 - CPN selected for project level
2024-09-20 23:53:36,857 [INFO] CADModel:114 - Register for checkConnection events
2024-09-20 23:53:36,857 [FATAL] Updater:334 - Updater called before beeing initialized
2024-09-20 23:53:36,857 [ERROR] CADModel:125 - Updater not yet initialized, retry later 
2024-09-20 23:53:36,862 [FATAL] Updater:334 - Updater called before beeing initialized
2024-09-20 23:53:36,955 [FATAL] Updater:334 - Updater called before beeing initialized
2024-09-20 23:53:36,965 [INFO] DbMcusAds:53 - JSON generation date=Mon Sep 16 16:40:22 CEST 2024 (1726497622318)
2024-09-20 23:53:36,965 [FATAL] Updater:334 - Updater called before beeing initialized
2024-09-20 23:53:36,994 [WARN] DetailPanel:346 - Failed to get advertising image, set to default
2024-09-20 23:53:37,062 [FATAL] Updater:334 - Updater called before beeing initialized
2024-09-20 23:53:37,063 [FATAL] Updater:334 - Updater called before beeing initialized
2024-09-20 23:53:37,063 [FATAL] Updater:334 - Updater called before beeing initialized
2024-09-20 23:53:37,063 [WARN] DetailPanel:346 - Failed to get advertising image, set to default
2024-09-20 23:53:37,064 [FATAL] Updater:334 - Updater called before beeing initialized
2024-09-20 23:53:37,105 [ERROR] Updater:1164 - MainUpdater not yet initialized. External WinMGr cannot be set.
2024-09-20 23:53:37,106 [INFO] Updater:1100 - Updater Version found : 6.12.1
2024-09-20 23:53:37,122 [INFO] ApplicationProperties:184 - Using Application install path: C:\ST\STM32CubeIDE_1.10.1\STM32CubeIDE\plugins\com.st.stm32cube.common.mx_6.12.1.202409122256
2024-09-20 23:53:38,695 [ERROR] LogOutputStream:75 - [STDERR_REDIRECT] Sep 20, 2024 11:53:38 PM java.util.prefs.WindowsPreferences <init>
2024-09-20 23:53:38,696 [ERROR] LogOutputStream:75 - [STDERR_REDIRECT] WARNING: Could not open/create prefs root node Software\JavaSoft\Prefs at root 0xffffffff80000002. Windows RegCreateKeyEx(...) returned error code 5.
2024-09-20 23:53:38,696 [ERROR] LogOutputStream:75 - [STDERR_REDIRECT] 
2024-09-20 23:53:38,717 [INFO] MainUpdater:526 - Copy updater definitions from MX database
2024-09-20 23:53:39,037 [INFO] MainUpdater:2873 - connection check result : 10
2024-09-20 23:53:39,037 [INFO] MainUpdater:3567 - Updater definition file requires update
2024-09-20 23:53:39,038 [INFO] MainUpdater:290 - Updater Check For Update Now.
2024-09-20 23:53:39,038 [INFO] MicroXplorer:498 - Change Database Version : DB.6.0.121
2024-09-20 23:53:39,048 [INFO] McuFinderGlobals:63 - Set McuFinder mode to 2 (CubeIDE integrated)
2024-09-20 23:53:39,048 [INFO] UserAuth:179 - activating auth plugin
2024-09-20 23:53:39,051 [INFO] UserAuth:417 - Internet connection configuration mode: 1
2024-09-20 23:53:39,068 [WARN] MainUpdater:1194 - Updater busy. Cannot search thirdparties
2024-09-20 23:53:39,068 [INFO] ThirdPartyUpdaterWithRetryManager:96 - Updater plugin is busy. [1/15]
2024-09-20 23:53:39,076 [INFO] JxBrowserEngine:152 - Initiate JxBrowser Engine with user profile folder
2024-09-20 23:53:39,178 [INFO] ServerAccessManage:473 - Download File updaters.zip
2024-09-20 23:53:39,256 [INFO] FileExtend:240 - Unzip File : updaters.zip
2024-09-20 23:53:39,257 [INFO] FileExtend:255 - Standard Zip Deflate
2024-09-20 23:53:39,738 [INFO] ServerAccessManage:473 - Download File PacksControlFlags.xml
2024-09-20 23:53:39,872 [INFO] ServerAccessManage:473 - Download File cubemx.pidx
2024-09-20 23:53:41,137 [INFO] ServerAccessManage:473 - Download File STMicroelectronics.X-CUBE-TOUCHGFX.pdsc
2024-09-20 23:53:42,070 [WARN] MainUpdater:1194 - Updater busy. Cannot search thirdparties
2024-09-20 23:53:42,070 [INFO] ThirdPartyUpdaterWithRetryManager:96 - Updater plugin is busy. [2/15]
2024-09-20 23:53:43,387 [INFO] CheckServerUpdateThread:120 - End of CheckServer Thread
2024-09-20 23:53:43,480 [WARN] PackLoader:240 - Cannot read IP mode file for STMicroelectronics.X-CUBE-TOUCHGFX.4.24.1
2024-09-20 23:53:43,480 [INFO] PopulateThirdPartyThread:66 - Ending populate Thread
2024-09-20 23:53:43,481 [INFO] ThirdParty:1030 - CMSIS Pack Vendor :STMicroelectronics X-CUBE-TOUCHGFX 4.24.1
2024-09-20 23:53:43,481 [INFO] LoadServerUpdatesThread:375 - End of LoadServerUpdate Thread
2024-09-20 23:53:47,153 [WARN] PackLoader:240 - Cannot read IP mode file for STMicroelectronics.FP-SNS-MOTENVWB1.1.4.0
2024-09-20 23:53:47,254 [WARN] PackLoader:240 - Cannot read IP mode file for STMicroelectronics.X-CUBE-SMBUS.2.1.0
2024-09-20 23:53:47,369 [WARN] PackLoader:240 - Cannot read IP mode file for STMicroelectronics.X-CUBE-AZRTOS-F7.1.1.0
2024-09-20 23:53:47,548 [WARN] PackLoader:240 - Cannot read IP mode file for STMicroelectronics.X-CUBE-MEMS1.11.0.0
2024-09-20 23:53:47,705 [WARN] PackLoader:240 - Cannot read IP mode file for STMicroelectronics.FP-SNS-FLIGHT1.5.0.2
2024-09-20 23:53:47,750 [WARN] PackLoader:240 - Cannot read IP mode file for STMicroelectronics.X-CUBE-DISPLAY.3.0.0
2024-09-20 23:53:47,789 [WARN] PackLoader:240 - Cannot read IP mode file for STMicroelectronics.X-CUBE-BLE1.7.0.0
2024-09-20 23:53:47,821 [WARN] PackLoader:240 - Cannot read IP mode file for emotas.I-CUBE-CANOPEN.1.3.0
2024-09-20 23:53:47,866 [WARN] PackLoader:240 - Cannot read IP mode file for STMicroelectronics.X-CUBE-BLEMGR.3.1.0
2024-09-20 23:53:47,890 [WARN] PackLoader:240 - Cannot read IP mode file for STMicroelectronics.FP-SNS-SMARTAG2.1.2.0
2024-09-20 23:53:47,960 [INFO] LogOutputStream:77 - [STDOUT_REDIRECT] 1 : Invalid condition id : UX_CORESTACK_Condition cause : null
2024-09-20 23:53:47,961 [INFO] LogOutputStream:77 - [STDOUT_REDIRECT] 1 : Invalid condition id : UX_CORESTACK_Condition cause : null
2024-09-20 23:53:47,962 [INFO] LogOutputStream:77 - [STDOUT_REDIRECT] 1 : Invalid condition id : UX_CORESTACK_Condition cause : null
2024-09-20 23:53:47,963 [INFO] LogOutputStream:77 - [STDOUT_REDIRECT] 1 : Invalid condition id : UX_CORESTACK_Condition cause : null
2024-09-20 23:53:47,963 [INFO] LogOutputStream:77 - [STDOUT_REDIRECT] 1 : Invalid condition id : UX_CORESTACK_Condition cause : null
2024-09-20 23:53:47,965 [WARN] PackLoader:240 - Cannot read IP mode file for STMicroelectronics.X-CUBE-AZRTOS-WL.2.0.0
2024-09-20 23:53:47,996 [WARN] PackLoader:240 - Cannot read IP mode file for STMicroelectronics.FP-SNS-MOTENV1.5.0.0
2024-09-20 23:53:48,021 [WARN] PackLoader:240 - Cannot read IP mode file for wolfSSL.I-CUBE-wolfMQTT.1.19.0
2024-09-20 23:53:48,067 [WARN] PackLoader:240 - Cannot read IP mode file for WES.I-CUBE-Cesium.1.3.0
2024-09-20 23:53:48,129 [WARN] PackLoader:240 - Cannot read IP mode file for STMicroelectronics.X-CUBE-BLE2.3.3.0
2024-09-20 23:53:48,166 [WARN] PackLoader:240 - Cannot read IP mode file for STMicroelectronics.X-CUBE-TCPP.4.1.0
2024-09-20 23:53:48,278 [WARN] PackLoader:240 - Cannot read IP mode file for STMicroelectronics.X-CUBE-AZRTOS-G0.1.1.0
2024-09-20 23:53:48,308 [WARN] PackLoader:240 - Cannot read IP mode file for STMicroelectronics.X-CUBE-SAFEA1.1.2.2
2024-09-20 23:53:48,343 [WARN] PackLoader:240 - Cannot read IP mode file for STMicroelectronics.X-CUBE-NFC4.3.0.0
2024-09-20 23:53:48,388 [WARN] PackLoader:240 - Cannot read IP mode file for EmbeddedOffice.I-CUBE-FS-RTOS.1.0.1
2024-09-20 23:53:48,388 [ERROR] ConditionMgr:805 - Attr not supported : Dmpu
2024-09-20 23:53:48,388 [ERROR] ConditionMgr:805 - Attr not supported : Dmpu
2024-09-20 23:53:48,389 [ERROR] ConditionMgr:805 - Attr not supported : Dmpu
2024-09-20 23:53:48,389 [ERROR] ConditionMgr:805 - Attr not supported : Dmpu
2024-09-20 23:53:48,389 [ERROR] ConditionMgr:805 - Attr not supported : Dmpu
2024-09-20 23:53:48,389 [ERROR] ConditionMgr:805 - Attr not supported : Dmpu
2024-09-20 23:53:48,389 [ERROR] ConditionMgr:805 - Attr not supported : Dmpu
2024-09-20 23:53:48,389 [ERROR] ConditionMgr:805 - Attr not supported : Dmpu
2024-09-20 23:53:48,389 [ERROR] ConditionMgr:805 - Attr not supported : Dmpu
2024-09-20 23:53:48,389 [ERROR] ConditionMgr:805 - Attr not supported : Dmpu
2024-09-20 23:53:48,389 [ERROR] ConditionMgr:805 - Attr not supported : Dmpu
2024-09-20 23:53:48,389 [ERROR] ConditionMgr:805 - Attr not supported : Dmpu
2024-09-20 23:53:48,389 [ERROR] ConditionMgr:805 - Attr not supported : Dmpu
2024-09-20 23:53:48,389 [ERROR] ConditionMgr:805 - Attr not supported : Dmpu
2024-09-20 23:53:48,389 [ERROR] ConditionMgr:805 - Attr not supported : Dmpu
2024-09-20 23:53:48,389 [ERROR] ConditionMgr:805 - Attr not supported : Dmpu
2024-09-20 23:53:48,390 [ERROR] ConditionMgr:805 - Attr not supported : Dmpu
2024-09-20 23:53:48,390 [ERROR] ConditionMgr:805 - Attr not supported : Dmpu
2024-09-20 23:53:48,390 [ERROR] ConditionMgr:805 - Attr not supported : Dmpu
2024-09-20 23:53:48,390 [ERROR] ConditionMgr:805 - Attr not supported : Dmpu
2024-09-20 23:53:48,390 [ERROR] ConditionMgr:805 - Attr not supported : Dmpu
2024-09-20 23:53:48,390 [ERROR] ConditionMgr:805 - Attr not supported : Dmpu
2024-09-20 23:53:48,390 [ERROR] ConditionMgr:805 - Attr not supported : Dmpu
2024-09-20 23:53:48,390 [ERROR] ConditionMgr:805 - Attr not supported : Dmpu
2024-09-20 23:53:48,390 [ERROR] ConditionMgr:805 - Attr not supported : Dmpu
2024-09-20 23:53:48,390 [ERROR] ConditionMgr:805 - Attr not supported : Dmpu
2024-09-20 23:53:48,390 [ERROR] ConditionMgr:805 - Attr not supported : Dmpu
2024-09-20 23:53:48,390 [ERROR] ConditionMgr:805 - Attr not supported : Dmpu
2024-09-20 23:53:48,390 [ERROR] ConditionMgr:805 - Attr not supported : Dmpu
2024-09-20 23:53:48,390 [ERROR] ConditionMgr:805 - Attr not supported : Dmpu
2024-09-20 23:53:48,391 [ERROR] ConditionMgr:805 - Attr not supported : Dmpu
2024-09-20 23:53:48,391 [ERROR] ConditionMgr:805 - Attr not supported : Dmpu
2024-09-20 23:53:48,391 [ERROR] ConditionMgr:805 - Attr not supported : Dmpu
2024-09-20 23:53:48,391 [ERROR] ConditionMgr:805 - Attr not supported : Dmpu
2024-09-20 23:53:48,391 [ERROR] ConditionMgr:805 - Attr not supported : Dmpu
2024-09-20 23:53:48,391 [ERROR] ConditionMgr:805 - Attr not supported : Dmpu
2024-09-20 23:53:48,391 [ERROR] ConditionMgr:805 - Attr not supported : Dmpu
2024-09-20 23:53:48,391 [ERROR] ConditionMgr:805 - Attr not supported : Dmpu
2024-09-20 23:53:48,391 [ERROR] ConditionMgr:805 - Attr not supported : Dmpu
2024-09-20 23:53:48,391 [ERROR] ConditionMgr:805 - Attr not supported : Dmpu
2024-09-20 23:53:48,391 [ERROR] ConditionMgr:805 - Attr not supported : Dmpu
2024-09-20 23:53:48,391 [ERROR] ConditionMgr:805 - Attr not supported : Dmpu
2024-09-20 23:53:48,391 [ERROR] ConditionMgr:805 - Attr not supported : Dmpu
2024-09-20 23:53:48,391 [ERROR] ConditionMgr:805 - Attr not supported : Dmpu
2024-09-20 23:53:48,391 [ERROR] ConditionMgr:805 - Attr not supported : Dmpu
2024-09-20 23:53:48,392 [ERROR] ConditionMgr:805 - Attr not supported : Dmpu
2024-09-20 23:53:48,392 [ERROR] ConditionMgr:805 - Attr not supported : Dmpu
2024-09-20 23:53:48,392 [ERROR] ConditionMgr:805 - Attr not supported : Dmpu
2024-09-20 23:53:48,392 [ERROR] ConditionMgr:805 - Attr not supported : Dmpu
2024-09-20 23:53:48,392 [ERROR] ConditionMgr:805 - Attr not supported : Dmpu
2024-09-20 23:53:48,392 [ERROR] ConditionMgr:805 - Attr not supported : Dmpu
2024-09-20 23:53:48,392 [ERROR] ConditionMgr:805 - Attr not supported : Dmpu
2024-09-20 23:53:48,392 [ERROR] ConditionMgr:805 - Attr not supported : Dmpu
2024-09-20 23:53:48,392 [ERROR] ConditionMgr:805 - Attr not supported : Dmpu
2024-09-20 23:53:48,392 [ERROR] ConditionMgr:805 - Attr not supported : Dmpu
2024-09-20 23:53:48,392 [ERROR] ConditionMgr:805 - Attr not supported : Dmpu
2024-09-20 23:53:48,392 [ERROR] ConditionMgr:805 - Attr not supported : Dmpu
2024-09-20 23:53:48,392 [ERROR] ConditionMgr:805 - Attr not supported : Dmpu
2024-09-20 23:53:48,392 [ERROR] ConditionMgr:805 - Attr not supported : Dmpu
2024-09-20 23:53:48,392 [ERROR] ConditionMgr:805 - Attr not supported : Dmpu
2024-09-20 23:53:48,392 [ERROR] ConditionMgr:805 - Attr not supported : Dmpu
2024-09-20 23:53:48,392 [ERROR] ConditionMgr:805 - Attr not supported : Dmpu
2024-09-20 23:53:48,392 [ERROR] ConditionMgr:805 - Attr not supported : Dmpu
2024-09-20 23:53:48,393 [ERROR] ConditionMgr:805 - Attr not supported : Dmpu
2024-09-20 23:53:48,423 [WARN] PackLoader:240 - Cannot read IP mode file for RealThread.X-CUBE-RT-Thread_Nano.4.1.1
2024-09-20 23:53:48,445 [WARN] PackLoader:240 - Cannot read IP mode file for STMicroelectronics.FP-ATR-SIGFOX1.3.2.0
2024-09-20 23:53:48,486 [WARN] PackLoader:240 - Cannot read IP mode file for wolfSSL.I-CUBE-wolfSSL.5.7.2
2024-09-20 23:53:48,502 [WARN] PackLoader:240 - Cannot read IP mode file for STMicroelectronics.X-CUBE-EEPRMA1.5.1.0
2024-09-20 23:53:48,517 [WARN] PackLoader:240 - Cannot read IP mode file for ITTIA_DB.I-CUBE-ITTIADB.8.9.0
2024-09-20 23:53:48,548 [WARN] PackLoader:240 - Cannot read IP mode file for SEGGER.I-CUBE-embOS.1.3.1
2024-09-20 23:53:48,599 [WARN] PackLoader:240 - Cannot read IP mode file for STMicroelectronics.X-CUBE-ALGOBUILD.1.4.0
2024-09-20 23:53:48,612 [WARN] PackLoader:240 - Cannot read IP mode file for STMicroelectronics.X-CUBE-GNSS1.6.0.0
2024-09-20 23:53:48,642 [WARN] PackLoader:240 - Cannot read IP mode file for STMicroelectronics.X-CUBE-AZRTOS-F4.1.1.0
2024-09-20 23:53:48,668 [WARN] PackLoader:240 - Cannot read IP mode file for STMicroelectronics.X-CUBE-ISPU.2.1.0
2024-09-20 23:53:48,683 [WARN] PackLoader:240 - Cannot read IP mode file for STMicroelectronics.X-CUBE-FREERTOS.1.2.0
2024-09-20 23:53:48,721 [WARN] PackLoader:240 - Cannot read IP mode file for STMicroelectronics.X-CUBE-AZRTOS-L5.2.0.0
2024-09-20 23:53:48,743 [WARN] PackLoader:240 - Cannot read IP mode file for STMicroelectronics.X-CUBE-NFC6.3.1.0
2024-09-20 23:53:48,761 [WARN] PackLoader:240 - Cannot read IP mode file for STMicroelectronics.X-CUBE-DPower.1.2.0
2024-09-20 23:53:48,788 [WARN] PackLoader:240 - Cannot read IP mode file for STMicroelectronics.X-CUBE-AI.9.0.0
2024-09-20 23:53:48,804 [WARN] PackLoader:240 - Cannot read IP mode file for STMicroelectronics.X-CUBE-NFC7.1.0.1
2024-09-20 23:53:48,809 [WARN] PackLoader:240 - Cannot read IP mode file for wolfSSL.I-CUBE-wolfTPM.3.2.0
2024-09-20 23:53:48,843 [WARN] ConditionMgr:438 - getConditionDescription Invalid condition id : LAN8742 Phy interface Condition cause : null
2024-09-20 23:53:48,843 [WARN] PackLoader:240 - Cannot read IP mode file for STMicroelectronics.X-CUBE-AZRTOS-L4.2.0.0
2024-09-20 23:53:48,846 [WARN] ConditionMgr:1039 - genDependencies : Invalid condition id : LAN8742 Phy interface Condition cause : null
2024-09-20 23:53:48,846 [WARN] ConditionMgr:1039 - genDependencies : Invalid condition id : LAN8742 Phy interface Condition cause : null
2024-09-20 23:53:48,847 [WARN] ConditionMgr:1039 - genDependencies : Invalid condition id : LAN8742 Phy interface Condition cause : null
2024-09-20 23:53:48,875 [WARN] PackLoader:240 - Cannot read IP mode file for STMicroelectronics.X-CUBE-SFXS2LP1.4.0.0
2024-09-20 23:53:48,930 [WARN] PackLoader:240 - Cannot read IP mode file for STMicroelectronics.X-CUBE-AZRTOS-H7.3.3.0
2024-09-20 23:53:49,058 [WARN] ConditionMgr:438 - getConditionDescription Invalid condition id : UX DEVICE CLASS RTOS Condition cause : null
2024-09-20 23:53:49,058 [WARN] ConditionMgr:438 - getConditionDescription Invalid condition id : UX DEVICE CLASS RTOS Condition cause : null
2024-09-20 23:53:49,060 [WARN] PackLoader:240 - Cannot read IP mode file for STMicroelectronics.X-CUBE-AZRTOS-WB.2.0.0
2024-09-20 23:53:49,061 [WARN] ConditionMgr:1039 - genDependencies : Invalid condition id : UX DEVICE CLASS RTOS Condition cause : null
2024-09-20 23:53:49,062 [WARN] ConditionMgr:1039 - genDependencies : Invalid condition id : UX DEVICE CLASS RTOS Condition cause : null
2024-09-20 23:53:49,062 [WARN] ConditionMgr:1039 - genDependencies : Invalid condition id : UX DEVICE CLASS RTOS Condition cause : null
2024-09-20 23:53:49,062 [WARN] ConditionMgr:1039 - genDependencies : Invalid condition id : UX DEVICE CLASS RTOS Condition cause : null
2024-09-20 23:53:49,063 [WARN] ConditionMgr:1039 - genDependencies : Invalid condition id : UX DEVICE CLASS RTOS Condition cause : null
2024-09-20 23:53:49,106 [WARN] PackLoader:240 - Cannot read IP mode file for STMicroelectronics.X-CUBE-GNSS1.7.0.0
2024-09-20 23:53:49,124 [WARN] PackLoader:240 - Cannot read IP mode file for STMicroelectronics.FP-SNS-STBOX1.2.0.0
2024-09-20 23:53:49,194 [WARN] PackLoader:240 - Cannot read IP mode file for STMicroelectronics.X-CUBE-SUBG2.5.0.0
2024-09-20 23:53:49,203 [WARN] PackLoader:240 - Cannot read IP mode file for Cesanta.I-CUBE-Mongoose.7.13.0
2024-09-20 23:53:49,233 [WARN] PackLoader:240 - Cannot read IP mode file for STMicroelectronics.X-CUBE-AZRTOS-G4.2.0.0
2024-09-20 23:53:49,251 [WARN] PackLoader:240 - Cannot read IP mode file for STMicroelectronics.X-CUBE-ISPU.2.0.0
2024-09-20 23:53:49,266 [WARN] PackLoader:240 - Cannot read IP mode file for STMicroelectronics.X-CUBE-ALS.1.0.2
2024-09-20 23:53:49,315 [WARN] PackLoader:240 - Cannot read IP mode file for STMicroelectronics.X-CUBE-MEMS1.10.0.0
2024-09-20 23:53:49,371 [INFO] WebApp:167 - Instantiating new browser for Auth
2024-09-20 23:53:49,492 [WARN] PackLoader:240 - Cannot read IP mode file for STMicroelectronics.X-CUBE-TOUCHGFX.4.24.0
2024-09-20 23:53:49,495 [WARN] PackLoader:240 - Cannot read IP mode file for STMicroelectronics.X-CUBE-TOUCHGFX.4.24.1
2024-09-20 23:53:49,513 [WARN] PackLoader:240 - Cannot read IP mode file for portGmbH.I-Cube-SoM-uGOAL.1.1.0
2024-09-20 23:53:49,548 [WARN] PackLoader:240 - Cannot read IP mode file for STMicroelectronics.X-CUBE-AZRTOS-H7RS.1.0.0
2024-09-20 23:53:49,557 [WARN] PackLoader:240 - Cannot read IP mode file for STMicroelectronics.FP-ATR-ASTRA1.2.0.0
2024-09-20 23:53:49,622 [WARN] PackLoader:240 - Cannot read IP mode file for STMicroelectronics.X-CUBE-TOF1.3.4.2
2024-09-20 23:53:49,674 [WARN] PackLoader:240 - Cannot read IP mode file for Infineon.AIROC-Wi-Fi-Bluetooth-STM32.1.6.1
2024-09-20 23:53:49,683 [WARN] PackLoader:240 - Cannot read IP mode file for wolfSSL.I-CUBE-wolfSSH.1.4.17
2024-09-20 23:53:49,683 [INFO] ThirdParty:978 - Integrity check success = true
2024-09-20 23:53:49,683 [INFO] IntegrityCheckThread:100 - exiting critical section [integrity check]
2024-09-20 23:53:49,684 [INFO] IntegrityCheckThread:103 - End integrity checks thread
2024-09-20 23:53:50,374 [INFO] WebApp:448 - Apply proxy settings
2024-09-20 23:53:50,374 [INFO] WebApp:533 - Chromium requires no authentication
2024-09-20 23:53:50,383 [INFO] WebApp:476 - Direct internet connection detected
2024-09-20 23:53:50,410 [INFO] WebApp:869 - Register for checkConnection events
2024-09-20 23:53:50,410 [INFO] WebApp:448 - Apply proxy settings
2024-09-20 23:53:50,410 [INFO] WebApp:533 - Chromium requires no authentication
2024-09-20 23:53:50,411 [INFO] WebApp:476 - Direct internet connection detected
2024-09-20 23:53:50,590 [INFO] WebApp:186 - Connection restablished
2024-09-20 23:53:50,595 [INFO] WebApp:220 - Starting web application
2024-09-20 23:53:50,595 [INFO] WebApp:578 - Web application path used C:\ST\STM32CubeIDE_1.10.1\STM32CubeIDE\plugins\com.st.stm32cube.common.mx_6.12.1.202409122256\db\plugins\mcufinder\reactClient1\index.html
2024-09-20 23:56:11,927 [INFO] WebApp:189 - Connection lost
2024-09-20 23:56:12,052 [INFO] WebApp:186 - Connection restablished
